[2021-10-20 15:28:13,174] {taskinstance.py:1035} INFO - Dependencies all met for <TaskInstance: example_dag.bash_print_date2 scheduled__2021-10-20T14:58:11.121135+00:00 [queued]>
[2021-10-20 15:28:13,210] {taskinstance.py:1035} INFO - Dependencies all met for <TaskInstance: example_dag.bash_print_date2 scheduled__2021-10-20T14:58:11.121135+00:00 [queued]>
[2021-10-20 15:28:13,210] {taskinstance.py:1241} INFO - 
--------------------------------------------------------------------------------
[2021-10-20 15:28:13,210] {taskinstance.py:1242} INFO - Starting attempt 1 of 2
[2021-10-20 15:28:13,210] {taskinstance.py:1243} INFO - 
--------------------------------------------------------------------------------
[2021-10-20 15:28:13,234] {taskinstance.py:1262} INFO - Executing <Task(BashOperator): bash_print_date2> on 2021-10-20 14:58:11.121135+00:00
[2021-10-20 15:28:13,237] {standard_task_runner.py:52} INFO - Started process 61978 to run task
[2021-10-20 15:28:13,248] {standard_task_runner.py:76} INFO - Running: ['***', 'tasks', 'run', 'example_dag', 'bash_print_date2', 'scheduled__2021-10-20T14:58:11.121135+00:00', '--job-id', '15', '--raw', '--subdir', 'DAGS_FOLDER/example.py', '--cfg-path', '/tmp/tmpgs8zgzg6', '--error-file', '/tmp/tmpmx2j5p6q']
[2021-10-20 15:28:13,253] {standard_task_runner.py:77} INFO - Job 15: Subtask bash_print_date2
[2021-10-20 15:28:13,345] {logging_mixin.py:109} INFO - Running <TaskInstance: example_dag.bash_print_date2 scheduled__2021-10-20T14:58:11.121135+00:00 [running]> on host ip-172-31-12-18.ec2.internal
[2021-10-20 15:28:13,494] {taskinstance.py:1412} INFO - Exporting the following env vars:
AIRFLOW_CTX_DAG_OWNER=***
AIRFLOW_CTX_DAG_ID=example_dag
AIRFLOW_CTX_TASK_ID=bash_print_date2
AIRFLOW_CTX_EXECUTION_DATE=2021-10-20T14:58:11.121135+00:00
AIRFLOW_CTX_DAG_RUN_ID=scheduled__2021-10-20T14:58:11.121135+00:00
[2021-10-20 15:28:13,494] {subprocess.py:62} INFO - Tmp dir root location: 
 /tmp
[2021-10-20 15:28:13,494] {subprocess.py:74} INFO - Running command: ['bash', '-c', 'sleep $[ ( $RANDOM % 30 )  + 1 ]s && date']
[2021-10-20 15:28:13,506] {subprocess.py:85} INFO - Output:
[2021-10-20 15:28:33,511] {subprocess.py:89} INFO - Wed Oct 20 15:28:33 UTC 2021
[2021-10-20 15:28:33,511] {subprocess.py:93} INFO - Command exited with return code 0
[2021-10-20 15:28:33,544] {taskinstance.py:1270} INFO - Marking task as SUCCESS. dag_id=example_dag, task_id=bash_print_date2, execution_date=20211020T145811, start_date=20211020T152813, end_date=20211020T152833
[2021-10-20 15:28:33,562] {local_task_job.py:154} INFO - Task exited with return code 0
[2021-10-20 15:28:33,592] {local_task_job.py:264} INFO - 0 downstream tasks scheduled from follow-on schedule check
