[2021-10-20 15:28:13,124] {taskinstance.py:1035} INFO - Dependencies all met for <TaskInstance: example_dag.python_print_date_2 scheduled__2021-10-20T14:58:11.121135+00:00 [queued]>
[2021-10-20 15:28:13,176] {taskinstance.py:1035} INFO - Dependencies all met for <TaskInstance: example_dag.python_print_date_2 scheduled__2021-10-20T14:58:11.121135+00:00 [queued]>
[2021-10-20 15:28:13,176] {taskinstance.py:1241} INFO - 
--------------------------------------------------------------------------------
[2021-10-20 15:28:13,176] {taskinstance.py:1242} INFO - Starting attempt 1 of 2
[2021-10-20 15:28:13,176] {taskinstance.py:1243} INFO - 
--------------------------------------------------------------------------------
[2021-10-20 15:28:13,190] {taskinstance.py:1262} INFO - Executing <Task(PythonOperator): python_print_date_2> on 2021-10-20 14:58:11.121135+00:00
[2021-10-20 15:28:13,194] {standard_task_runner.py:52} INFO - Started process 61976 to run task
[2021-10-20 15:28:13,215] {standard_task_runner.py:76} INFO - Running: ['***', 'tasks', 'run', 'example_dag', 'python_print_date_2', 'scheduled__2021-10-20T14:58:11.121135+00:00', '--job-id', '12', '--raw', '--subdir', 'DAGS_FOLDER/example.py', '--cfg-path', '/tmp/tmp_bzq5fuv', '--error-file', '/tmp/tmp9say5oui']
[2021-10-20 15:28:13,216] {standard_task_runner.py:77} INFO - Job 12: Subtask python_print_date_2
[2021-10-20 15:28:13,315] {logging_mixin.py:109} INFO - Running <TaskInstance: example_dag.python_print_date_2 scheduled__2021-10-20T14:58:11.121135+00:00 [running]> on host ip-172-31-12-18.ec2.internal
[2021-10-20 15:28:13,446] {taskinstance.py:1412} INFO - Exporting the following env vars:
AIRFLOW_CTX_DAG_OWNER=***
AIRFLOW_CTX_DAG_ID=example_dag
AIRFLOW_CTX_TASK_ID=python_print_date_2
AIRFLOW_CTX_EXECUTION_DATE=2021-10-20T14:58:11.121135+00:00
AIRFLOW_CTX_DAG_RUN_ID=scheduled__2021-10-20T14:58:11.121135+00:00
[2021-10-20 15:28:13,446] {logging_mixin.py:109} INFO - I am task number 2. This DAG Run execution date is 2021-10-20T14:58:11.121135+00:00 and the current time is 2021-10-20 15:28:13.446820
[2021-10-20 15:28:13,446] {logging_mixin.py:109} INFO - Here is the full DAG Run context. It is available because provide_context=True
[2021-10-20 15:28:13,447] {logging_mixin.py:109} INFO - {'conf': <***.configuration.AirflowConfigParser object at 0x7f8e202eba60>, 'dag': <DAG: example_dag>, 'dag_run': <DagRun example_dag @ 2021-10-20 14:58:11.121135+00:00: scheduled__2021-10-20T14:58:11.121135+00:00, externally triggered: False>, 'data_interval_end': DateTime(2021, 10, 20, 15, 28, 11, 121135, tzinfo=Timezone('UTC')), 'data_interval_start': DateTime(2021, 10, 20, 14, 58, 11, 121135, tzinfo=Timezone('UTC')), 'ds': '2021-10-20', 'ds_nodash': '20211020', 'execution_date': <Proxy at 0x7f8e1c6e3980 with factory <function TaskInstance.get_template_context.<locals>.deprecated_proxy.<locals>.deprecated_func at 0x7f8e1c6e6700>>, 'inlets': [], 'macros': <module '***.macros' from '/home/astro/***-venv/lib/python3.8/site-packages/***/macros/__init__.py'>, 'next_ds': <Proxy at 0x7f8e1c6e3840 with factory <function TaskInstance.get_template_context.<locals>.deprecated_proxy.<locals>.deprecated_func at 0x7f8e1c6e6790>>, 'next_ds_nodash': <Proxy at 0x7f8e1c6e30c0 with factory <function TaskInstance.get_template_context.<locals>.deprecated_proxy.<locals>.deprecated_func at 0x7f8e1c6e6820>>, 'next_execution_date': <Proxy at 0x7f8e1c6e53c0 with factory <function TaskInstance.get_template_context.<locals>.deprecated_proxy.<locals>.deprecated_func at 0x7f8e1c6e68b0>>, 'outlets': [], 'params': {}, 'prev_data_interval_start_success': <Proxy at 0x7f8e1c6e5440 with factory <function TaskInstance.get_template_context.<locals>.get_prev_data_interval_start_success at 0x7f8e1c74b670>>, 'prev_data_interval_end_success': <Proxy at 0x7f8e1c6e5580 with factory <function TaskInstance.get_template_context.<locals>.get_prev_data_interval_end_success at 0x7f8e1c75bdc0>>, 'prev_ds': <Proxy at 0x7f8e1c6e5480 with factory <function TaskInstance.get_template_context.<locals>.deprecated_proxy.<locals>.deprecated_func at 0x7f8e1c6e6940>>, 'prev_ds_nodash': <Proxy at 0x7f8e1c6e5f00 with factory <function TaskInstance.get_template_context.<locals>.deprecated_proxy.<locals>.deprecated_func at 0x7f8e1c6e69d0>>, 'prev_execution_date': <Proxy at 0x7f8e1c6e5ac0 with factory <function TaskInstance.get_template_context.<locals>.deprecated_proxy.<locals>.deprecated_func at 0x7f8e1c6e6a60>>, 'prev_execution_date_success': <Proxy at 0x7f8e1c758a40 with factory <function TaskInstance.get_template_context.<locals>.deprecated_proxy.<locals>.deprecated_func at 0x7f8e1c6e6b80>>, 'prev_start_date_success': <Proxy at 0x7f8e1c758380 with factory <function TaskInstance.get_template_context.<locals>.get_prev_start_date_success at 0x7f8e1c75bf70>>, 'run_id': 'scheduled__2021-10-20T14:58:11.121135+00:00', 'task': <Task(PythonOperator): python_print_date_2>, 'task_instance': <TaskInstance: example_dag.python_print_date_2 scheduled__2021-10-20T14:58:11.121135+00:00 [running]>, 'task_instance_key_str': 'example_dag__python_print_date_2__20211020', 'test_mode': False, 'ti': <TaskInstance: example_dag.python_print_date_2 scheduled__2021-10-20T14:58:11.121135+00:00 [running]>, 'tomorrow_ds': <Proxy at 0x7f8e1c758a00 with factory <function TaskInstance.get_template_context.<locals>.deprecated_proxy.<locals>.deprecated_func at 0x7f8e1c6e6c10>>, 'tomorrow_ds_nodash': <Proxy at 0x7f8e1c758500 with factory <function TaskInstance.get_template_context.<locals>.deprecated_proxy.<locals>.deprecated_func at 0x7f8e1c6e6ca0>>, 'ts_nodash': '20211020T145811', 'ts_nodash_with_tz': '20211020T145811.121135+0000', 'var': {'json': None, 'value': None}, 'conn': <***.models.taskinstance.TaskInstance.get_template_context.<locals>.ConnectionAccessor object at 0x7f8e1c6e9fa0>, 'yesterday_ds': <Proxy at 0x7f8e1c758cc0 with factory <function TaskInstance.get_template_context.<locals>.deprecated_proxy.<locals>.deprecated_func at 0x7f8e1c6e6d30>>, 'yesterday_ds_nodash': <Proxy at 0x7f8e1c758d00 with factory <function TaskInstance.get_template_context.<locals>.deprecated_proxy.<locals>.deprecated_func at 0x7f8e1c6e6dc0>>, 'task_number': 2, 'templates_dict': None}
[2021-10-20 15:28:13,447] {python.py:152} INFO - Done. Returned value was: None
[2021-10-20 15:28:13,491] {taskinstance.py:1270} INFO - Marking task as SUCCESS. dag_id=example_dag, task_id=python_print_date_2, execution_date=20211020T145811, start_date=20211020T152813, end_date=20211020T152813
[2021-10-20 15:28:13,541] {local_task_job.py:154} INFO - Task exited with return code 0
[2021-10-20 15:28:13,581] {local_task_job.py:264} INFO - 0 downstream tasks scheduled from follow-on schedule check
