[2021-10-20 15:28:13,146] {taskinstance.py:1035} INFO - Dependencies all met for <TaskInstance: example_dag.python_print_date_4 scheduled__2021-10-20T14:58:11.121135+00:00 [queued]>
[2021-10-20 15:28:13,179] {taskinstance.py:1035} INFO - Dependencies all met for <TaskInstance: example_dag.python_print_date_4 scheduled__2021-10-20T14:58:11.121135+00:00 [queued]>
[2021-10-20 15:28:13,179] {taskinstance.py:1241} INFO - 
--------------------------------------------------------------------------------
[2021-10-20 15:28:13,179] {taskinstance.py:1242} INFO - Starting attempt 1 of 2
[2021-10-20 15:28:13,179] {taskinstance.py:1243} INFO - 
--------------------------------------------------------------------------------
[2021-10-20 15:28:13,232] {taskinstance.py:1262} INFO - Executing <Task(PythonOperator): python_print_date_4> on 2021-10-20 14:58:11.121135+00:00
[2021-10-20 15:28:13,234] {standard_task_runner.py:52} INFO - Started process 61977 to run task
[2021-10-20 15:28:13,266] {standard_task_runner.py:76} INFO - Running: ['***', 'tasks', 'run', 'example_dag', 'python_print_date_4', 'scheduled__2021-10-20T14:58:11.121135+00:00', '--job-id', '13', '--raw', '--subdir', 'DAGS_FOLDER/example.py', '--cfg-path', '/tmp/tmpl10eyi3v', '--error-file', '/tmp/tmpwqo07vi_']
[2021-10-20 15:28:13,267] {standard_task_runner.py:77} INFO - Job 13: Subtask python_print_date_4
[2021-10-20 15:28:13,399] {logging_mixin.py:109} INFO - Running <TaskInstance: example_dag.python_print_date_4 scheduled__2021-10-20T14:58:11.121135+00:00 [running]> on host ip-172-31-12-18.ec2.internal
[2021-10-20 15:28:13,529] {taskinstance.py:1412} INFO - Exporting the following env vars:
AIRFLOW_CTX_DAG_OWNER=***
AIRFLOW_CTX_DAG_ID=example_dag
AIRFLOW_CTX_TASK_ID=python_print_date_4
AIRFLOW_CTX_EXECUTION_DATE=2021-10-20T14:58:11.121135+00:00
AIRFLOW_CTX_DAG_RUN_ID=scheduled__2021-10-20T14:58:11.121135+00:00
[2021-10-20 15:28:13,529] {logging_mixin.py:109} INFO - I am task number 4. This DAG Run execution date is 2021-10-20T14:58:11.121135+00:00 and the current time is 2021-10-20 15:28:13.529931
[2021-10-20 15:28:13,530] {logging_mixin.py:109} INFO - Here is the full DAG Run context. It is available because provide_context=True
[2021-10-20 15:28:13,530] {logging_mixin.py:109} INFO - {'conf': <***.configuration.AirflowConfigParser object at 0x7f8e202eba60>, 'dag': <DAG: example_dag>, 'dag_run': <DagRun example_dag @ 2021-10-20 14:58:11.121135+00:00: scheduled__2021-10-20T14:58:11.121135+00:00, externally triggered: False>, 'data_interval_end': DateTime(2021, 10, 20, 15, 28, 11, 121135, tzinfo=Timezone('UTC')), 'data_interval_start': DateTime(2021, 10, 20, 14, 58, 11, 121135, tzinfo=Timezone('UTC')), 'ds': '2021-10-20', 'ds_nodash': '20211020', 'execution_date': <Proxy at 0x7f8e1c6e40c0 with factory <function TaskInstance.get_template_context.<locals>.deprecated_proxy.<locals>.deprecated_func at 0x7f8e1c6ec790>>, 'inlets': [], 'macros': <module '***.macros' from '/home/astro/***-venv/lib/python3.8/site-packages/***/macros/__init__.py'>, 'next_ds': <Proxy at 0x7f8e1c6e48c0 with factory <function TaskInstance.get_template_context.<locals>.deprecated_proxy.<locals>.deprecated_func at 0x7f8e1c6ec820>>, 'next_ds_nodash': <Proxy at 0x7f8e1c759b40 with factory <function TaskInstance.get_template_context.<locals>.deprecated_proxy.<locals>.deprecated_func at 0x7f8e1c6ec8b0>>, 'next_execution_date': <Proxy at 0x7f8e1c759400 with factory <function TaskInstance.get_template_context.<locals>.deprecated_proxy.<locals>.deprecated_func at 0x7f8e1c6ec940>>, 'outlets': [], 'params': {}, 'prev_data_interval_start_success': <Proxy at 0x7f8e1c7595c0 with factory <function TaskInstance.get_template_context.<locals>.get_prev_data_interval_start_success at 0x7f8e1c749700>>, 'prev_data_interval_end_success': <Proxy at 0x7f8e1c759e00 with factory <function TaskInstance.get_template_context.<locals>.get_prev_data_interval_end_success at 0x7f8e1c75bdc0>>, 'prev_ds': <Proxy at 0x7f8e1c759a00 with factory <function TaskInstance.get_template_context.<locals>.deprecated_proxy.<locals>.deprecated_func at 0x7f8e1c6ec9d0>>, 'prev_ds_nodash': <Proxy at 0x7f8e1c759800 with factory <function TaskInstance.get_template_context.<locals>.deprecated_proxy.<locals>.deprecated_func at 0x7f8e1c6eca60>>, 'prev_execution_date': <Proxy at 0x7f8e1c759d00 with factory <function TaskInstance.get_template_context.<locals>.deprecated_proxy.<locals>.deprecated_func at 0x7f8e1c6ecaf0>>, 'prev_execution_date_success': <Proxy at 0x7f8e1c759140 with factory <function TaskInstance.get_template_context.<locals>.deprecated_proxy.<locals>.deprecated_func at 0x7f8e1c6ecc10>>, 'prev_start_date_success': <Proxy at 0x7f8e1c759840 with factory <function TaskInstance.get_template_context.<locals>.get_prev_start_date_success at 0x7f8e1c75bc10>>, 'run_id': 'scheduled__2021-10-20T14:58:11.121135+00:00', 'task': <Task(PythonOperator): python_print_date_4>, 'task_instance': <TaskInstance: example_dag.python_print_date_4 scheduled__2021-10-20T14:58:11.121135+00:00 [running]>, 'task_instance_key_str': 'example_dag__python_print_date_4__20211020', 'test_mode': False, 'ti': <TaskInstance: example_dag.python_print_date_4 scheduled__2021-10-20T14:58:11.121135+00:00 [running]>, 'tomorrow_ds': <Proxy at 0x7f8e1c759340 with factory <function TaskInstance.get_template_context.<locals>.deprecated_proxy.<locals>.deprecated_func at 0x7f8e1c6ecca0>>, 'tomorrow_ds_nodash': <Proxy at 0x7f8e1c759900 with factory <function TaskInstance.get_template_context.<locals>.deprecated_proxy.<locals>.deprecated_func at 0x7f8e1c6ecd30>>, 'ts_nodash': '20211020T145811', 'ts_nodash_with_tz': '20211020T145811.121135+0000', 'var': {'json': None, 'value': None}, 'conn': <***.models.taskinstance.TaskInstance.get_template_context.<locals>.ConnectionAccessor object at 0x7f8e1c6e9040>, 'yesterday_ds': <Proxy at 0x7f8e1c7597c0 with factory <function TaskInstance.get_template_context.<locals>.deprecated_proxy.<locals>.deprecated_func at 0x7f8e1c6ecdc0>>, 'yesterday_ds_nodash': <Proxy at 0x7f8e1c759540 with factory <function TaskInstance.get_template_context.<locals>.deprecated_proxy.<locals>.deprecated_func at 0x7f8e1c6ece50>>, 'task_number': 4, 'templates_dict': None}
[2021-10-20 15:28:13,530] {python.py:152} INFO - Done. Returned value was: None
[2021-10-20 15:28:13,552] {taskinstance.py:1270} INFO - Marking task as SUCCESS. dag_id=example_dag, task_id=python_print_date_4, execution_date=20211020T145811, start_date=20211020T152813, end_date=20211020T152813
[2021-10-20 15:28:13,577] {local_task_job.py:154} INFO - Task exited with return code 0
[2021-10-20 15:28:13,613] {local_task_job.py:264} INFO - 0 downstream tasks scheduled from follow-on schedule check
