[2021-10-20 15:28:13,195] {taskinstance.py:1035} INFO - Dependencies all met for <TaskInstance: example_dag.python_print_date_1 scheduled__2021-10-20T14:58:11.121135+00:00 [queued]>
[2021-10-20 15:28:13,236] {taskinstance.py:1035} INFO - Dependencies all met for <TaskInstance: example_dag.python_print_date_1 scheduled__2021-10-20T14:58:11.121135+00:00 [queued]>
[2021-10-20 15:28:13,236] {taskinstance.py:1241} INFO - 
--------------------------------------------------------------------------------
[2021-10-20 15:28:13,236] {taskinstance.py:1242} INFO - Starting attempt 1 of 2
[2021-10-20 15:28:13,236] {taskinstance.py:1243} INFO - 
--------------------------------------------------------------------------------
[2021-10-20 15:28:13,271] {taskinstance.py:1262} INFO - Executing <Task(PythonOperator): python_print_date_1> on 2021-10-20 14:58:11.121135+00:00
[2021-10-20 15:28:13,273] {standard_task_runner.py:52} INFO - Started process 61980 to run task
[2021-10-20 15:28:13,281] {standard_task_runner.py:76} INFO - Running: ['***', 'tasks', 'run', 'example_dag', 'python_print_date_1', 'scheduled__2021-10-20T14:58:11.121135+00:00', '--job-id', '14', '--raw', '--subdir', 'DAGS_FOLDER/example.py', '--cfg-path', '/tmp/tmpr1i4m9tw', '--error-file', '/tmp/tmp4ykngvg3']
[2021-10-20 15:28:13,285] {standard_task_runner.py:77} INFO - Job 14: Subtask python_print_date_1
[2021-10-20 15:28:13,401] {logging_mixin.py:109} INFO - Running <TaskInstance: example_dag.python_print_date_1 scheduled__2021-10-20T14:58:11.121135+00:00 [running]> on host ip-172-31-12-18.ec2.internal
[2021-10-20 15:28:13,536] {taskinstance.py:1412} INFO - Exporting the following env vars:
AIRFLOW_CTX_DAG_OWNER=***
AIRFLOW_CTX_DAG_ID=example_dag
AIRFLOW_CTX_TASK_ID=python_print_date_1
AIRFLOW_CTX_EXECUTION_DATE=2021-10-20T14:58:11.121135+00:00
AIRFLOW_CTX_DAG_RUN_ID=scheduled__2021-10-20T14:58:11.121135+00:00
[2021-10-20 15:28:13,536] {logging_mixin.py:109} INFO - I am task number 1. This DAG Run execution date is 2021-10-20T14:58:11.121135+00:00 and the current time is 2021-10-20 15:28:13.536867
[2021-10-20 15:28:13,536] {logging_mixin.py:109} INFO - Here is the full DAG Run context. It is available because provide_context=True
[2021-10-20 15:28:13,537] {logging_mixin.py:109} INFO - {'conf': <***.configuration.AirflowConfigParser object at 0x7f8e202eba60>, 'dag': <DAG: example_dag>, 'dag_run': <DagRun example_dag @ 2021-10-20 14:58:11.121135+00:00: scheduled__2021-10-20T14:58:11.121135+00:00, externally triggered: False>, 'data_interval_end': DateTime(2021, 10, 20, 15, 28, 11, 121135, tzinfo=Timezone('UTC')), 'data_interval_start': DateTime(2021, 10, 20, 14, 58, 11, 121135, tzinfo=Timezone('UTC')), 'ds': '2021-10-20', 'ds_nodash': '20211020', 'execution_date': <Proxy at 0x7f8e1c6dc800 with factory <function TaskInstance.get_template_context.<locals>.deprecated_proxy.<locals>.deprecated_func at 0x7f8e1c6ee700>>, 'inlets': [], 'macros': <module '***.macros' from '/home/astro/***-venv/lib/python3.8/site-packages/***/macros/__init__.py'>, 'next_ds': <Proxy at 0x7f8e1c6dcf80 with factory <function TaskInstance.get_template_context.<locals>.deprecated_proxy.<locals>.deprecated_func at 0x7f8e1c6ee790>>, 'next_ds_nodash': <Proxy at 0x7f8e1c6dcf00 with factory <function TaskInstance.get_template_context.<locals>.deprecated_proxy.<locals>.deprecated_func at 0x7f8e1c6ee820>>, 'next_execution_date': <Proxy at 0x7f8e1c6dc440 with factory <function TaskInstance.get_template_context.<locals>.deprecated_proxy.<locals>.deprecated_func at 0x7f8e1c6ee8b0>>, 'outlets': [], 'params': {}, 'prev_data_interval_start_success': <Proxy at 0x7f8e1c6dc480 with factory <function TaskInstance.get_template_context.<locals>.get_prev_data_interval_start_success at 0x7f8e1c74a670>>, 'prev_data_interval_end_success': <Proxy at 0x7f8e1c6dc500 with factory <function TaskInstance.get_template_context.<locals>.get_prev_data_interval_end_success at 0x7f8e1c75adc0>>, 'prev_ds': <Proxy at 0x7f8e1c6dc700 with factory <function TaskInstance.get_template_context.<locals>.deprecated_proxy.<locals>.deprecated_func at 0x7f8e1c6ee940>>, 'prev_ds_nodash': <Proxy at 0x7f8e1c6dc740 with factory <function TaskInstance.get_template_context.<locals>.deprecated_proxy.<locals>.deprecated_func at 0x7f8e1c6ee9d0>>, 'prev_execution_date': <Proxy at 0x7f8e1c6dce80 with factory <function TaskInstance.get_template_context.<locals>.deprecated_proxy.<locals>.deprecated_func at 0x7f8e1c6eea60>>, 'prev_execution_date_success': <Proxy at 0x7f8e1c6dc100 with factory <function TaskInstance.get_template_context.<locals>.deprecated_proxy.<locals>.deprecated_func at 0x7f8e1c6eeb80>>, 'prev_start_date_success': <Proxy at 0x7f8e1c6dcc00 with factory <function TaskInstance.get_template_context.<locals>.get_prev_start_date_success at 0x7f8e1c75af70>>, 'run_id': 'scheduled__2021-10-20T14:58:11.121135+00:00', 'task': <Task(PythonOperator): python_print_date_1>, 'task_instance': <TaskInstance: example_dag.python_print_date_1 scheduled__2021-10-20T14:58:11.121135+00:00 [running]>, 'task_instance_key_str': 'example_dag__python_print_date_1__20211020', 'test_mode': False, 'ti': <TaskInstance: example_dag.python_print_date_1 scheduled__2021-10-20T14:58:11.121135+00:00 [running]>, 'tomorrow_ds': <Proxy at 0x7f8e1c6dc200 with factory <function TaskInstance.get_template_context.<locals>.deprecated_proxy.<locals>.deprecated_func at 0x7f8e1c6eec10>>, 'tomorrow_ds_nodash': <Proxy at 0x7f8e1c6dc8c0 with factory <function TaskInstance.get_template_context.<locals>.deprecated_proxy.<locals>.deprecated_func at 0x7f8e1c6eeca0>>, 'ts_nodash': '20211020T145811', 'ts_nodash_with_tz': '20211020T145811.121135+0000', 'var': {'json': None, 'value': None}, 'conn': <***.models.taskinstance.TaskInstance.get_template_context.<locals>.ConnectionAccessor object at 0x7f8e1c6ec700>, 'yesterday_ds': <Proxy at 0x7f8e1c6dc040 with factory <function TaskInstance.get_template_context.<locals>.deprecated_proxy.<locals>.deprecated_func at 0x7f8e1c6eed30>>, 'yesterday_ds_nodash': <Proxy at 0x7f8e1c6dc140 with factory <function TaskInstance.get_template_context.<locals>.deprecated_proxy.<locals>.deprecated_func at 0x7f8e1c6eedc0>>, 'task_number': 1, 'templates_dict': None}
[2021-10-20 15:28:13,537] {python.py:152} INFO - Done. Returned value was: None
[2021-10-20 15:28:13,563] {taskinstance.py:1270} INFO - Marking task as SUCCESS. dag_id=example_dag, task_id=python_print_date_1, execution_date=20211020T145811, start_date=20211020T152813, end_date=20211020T152813
[2021-10-20 15:28:13,609] {local_task_job.py:154} INFO - Task exited with return code 0
[2021-10-20 15:28:13,646] {local_task_job.py:264} INFO - 0 downstream tasks scheduled from follow-on schedule check
