[2021-10-20 14:58:13,649] {taskinstance.py:1035} INFO - Dependencies all met for <TaskInstance: example_dag.python_print_date_1 scheduled__2021-10-20T14:28:11.121135+00:00 [queued]>
[2021-10-20 14:58:13,690] {taskinstance.py:1035} INFO - Dependencies all met for <TaskInstance: example_dag.python_print_date_1 scheduled__2021-10-20T14:28:11.121135+00:00 [queued]>
[2021-10-20 14:58:13,690] {taskinstance.py:1241} INFO - 
--------------------------------------------------------------------------------
[2021-10-20 14:58:13,690] {taskinstance.py:1242} INFO - Starting attempt 1 of 2
[2021-10-20 14:58:13,690] {taskinstance.py:1243} INFO - 
--------------------------------------------------------------------------------
[2021-10-20 14:58:13,708] {taskinstance.py:1262} INFO - Executing <Task(PythonOperator): python_print_date_1> on 2021-10-20 14:28:11.121135+00:00
[2021-10-20 14:58:13,713] {standard_task_runner.py:52} INFO - Started process 61523 to run task
[2021-10-20 14:58:13,726] {standard_task_runner.py:76} INFO - Running: ['***', 'tasks', 'run', 'example_dag', 'python_print_date_1', 'scheduled__2021-10-20T14:28:11.121135+00:00', '--job-id', '6', '--raw', '--subdir', 'DAGS_FOLDER/example.py', '--cfg-path', '/tmp/tmpgv2m5_xs', '--error-file', '/tmp/tmpqhqcd5ru']
[2021-10-20 14:58:13,740] {standard_task_runner.py:77} INFO - Job 6: Subtask python_print_date_1
[2021-10-20 14:58:13,866] {logging_mixin.py:109} INFO - Running <TaskInstance: example_dag.python_print_date_1 scheduled__2021-10-20T14:28:11.121135+00:00 [running]> on host ip-172-31-12-18.ec2.internal
[2021-10-20 14:58:14,006] {taskinstance.py:1412} INFO - Exporting the following env vars:
AIRFLOW_CTX_DAG_OWNER=***
AIRFLOW_CTX_DAG_ID=example_dag
AIRFLOW_CTX_TASK_ID=python_print_date_1
AIRFLOW_CTX_EXECUTION_DATE=2021-10-20T14:28:11.121135+00:00
AIRFLOW_CTX_DAG_RUN_ID=scheduled__2021-10-20T14:28:11.121135+00:00
[2021-10-20 14:58:14,006] {logging_mixin.py:109} INFO - I am task number 1. This DAG Run execution date is 2021-10-20T14:28:11.121135+00:00 and the current time is 2021-10-20 14:58:14.006814
[2021-10-20 14:58:14,006] {logging_mixin.py:109} INFO - Here is the full DAG Run context. It is available because provide_context=True
[2021-10-20 14:58:14,007] {logging_mixin.py:109} INFO - {'conf': <***.configuration.AirflowConfigParser object at 0x7f8e202eba60>, 'dag': <DAG: example_dag>, 'dag_run': <DagRun example_dag @ 2021-10-20 14:28:11.121135+00:00: scheduled__2021-10-20T14:28:11.121135+00:00, externally triggered: False>, 'data_interval_end': DateTime(2021, 10, 20, 14, 58, 11, 121135, tzinfo=Timezone('UTC')), 'data_interval_start': DateTime(2021, 10, 20, 14, 28, 11, 121135, tzinfo=Timezone('UTC')), 'ds': '2021-10-20', 'ds_nodash': '20211020', 'execution_date': <Proxy at 0x7f8e1c73edc0 with factory <function TaskInstance.get_template_context.<locals>.deprecated_proxy.<locals>.deprecated_func at 0x7f8e1c6ea700>>, 'inlets': [], 'macros': <module '***.macros' from '/home/astro/***-venv/lib/python3.8/site-packages/***/macros/__init__.py'>, 'next_ds': <Proxy at 0x7f8e1c73e300 with factory <function TaskInstance.get_template_context.<locals>.deprecated_proxy.<locals>.deprecated_func at 0x7f8e1c6ea790>>, 'next_ds_nodash': <Proxy at 0x7f8e1c73e500 with factory <function TaskInstance.get_template_context.<locals>.deprecated_proxy.<locals>.deprecated_func at 0x7f8e1c6ea820>>, 'next_execution_date': <Proxy at 0x7f8e1c73ec80 with factory <function TaskInstance.get_template_context.<locals>.deprecated_proxy.<locals>.deprecated_func at 0x7f8e1c6ea8b0>>, 'outlets': [], 'params': {}, 'prev_data_interval_start_success': <Proxy at 0x7f8e1c6e34c0 with factory <function TaskInstance.get_template_context.<locals>.get_prev_data_interval_start_success at 0x7f8e1c749670>>, 'prev_data_interval_end_success': <Proxy at 0x7f8e1c6e3580 with factory <function TaskInstance.get_template_context.<locals>.get_prev_data_interval_end_success at 0x7f8e1c759dc0>>, 'prev_ds': <Proxy at 0x7f8e1c6e37c0 with factory <function TaskInstance.get_template_context.<locals>.deprecated_proxy.<locals>.deprecated_func at 0x7f8e1c6ea940>>, 'prev_ds_nodash': <Proxy at 0x7f8e1c6e3740 with factory <function TaskInstance.get_template_context.<locals>.deprecated_proxy.<locals>.deprecated_func at 0x7f8e1c6ea9d0>>, 'prev_execution_date': <Proxy at 0x7f8e1c6e3a80 with factory <function TaskInstance.get_template_context.<locals>.deprecated_proxy.<locals>.deprecated_func at 0x7f8e1c6eaa60>>, 'prev_execution_date_success': <Proxy at 0x7f8e1c758bc0 with factory <function TaskInstance.get_template_context.<locals>.deprecated_proxy.<locals>.deprecated_func at 0x7f8e1c6eab80>>, 'prev_start_date_success': <Proxy at 0x7f8e1c758500 with factory <function TaskInstance.get_template_context.<locals>.get_prev_start_date_success at 0x7f8e1c759f70>>, 'run_id': 'scheduled__2021-10-20T14:28:11.121135+00:00', 'task': <Task(PythonOperator): python_print_date_1>, 'task_instance': <TaskInstance: example_dag.python_print_date_1 scheduled__2021-10-20T14:28:11.121135+00:00 [running]>, 'task_instance_key_str': 'example_dag__python_print_date_1__20211020', 'test_mode': False, 'ti': <TaskInstance: example_dag.python_print_date_1 scheduled__2021-10-20T14:28:11.121135+00:00 [running]>, 'tomorrow_ds': <Proxy at 0x7f8e1c758d80 with factory <function TaskInstance.get_template_context.<locals>.deprecated_proxy.<locals>.deprecated_func at 0x7f8e1c6eac10>>, 'tomorrow_ds_nodash': <Proxy at 0x7f8e1c758a40 with factory <function TaskInstance.get_template_context.<locals>.deprecated_proxy.<locals>.deprecated_func at 0x7f8e1c6eaca0>>, 'ts_nodash': '20211020T142811', 'ts_nodash_with_tz': '20211020T142811.121135+0000', 'var': {'json': None, 'value': None}, 'conn': <***.models.taskinstance.TaskInstance.get_template_context.<locals>.ConnectionAccessor object at 0x7f8e1c6e4730>, 'yesterday_ds': <Proxy at 0x7f8e1c758300 with factory <function TaskInstance.get_template_context.<locals>.deprecated_proxy.<locals>.deprecated_func at 0x7f8e1c6ead30>>, 'yesterday_ds_nodash': <Proxy at 0x7f8e1c758740 with factory <function TaskInstance.get_template_context.<locals>.deprecated_proxy.<locals>.deprecated_func at 0x7f8e1c6eadc0>>, 'task_number': 1, 'templates_dict': None}
[2021-10-20 14:58:14,007] {python.py:152} INFO - Done. Returned value was: None
[2021-10-20 14:58:14,034] {taskinstance.py:1270} INFO - Marking task as SUCCESS. dag_id=example_dag, task_id=python_print_date_1, execution_date=20211020T142811, start_date=20211020T145813, end_date=20211020T145814
[2021-10-20 14:58:14,062] {local_task_job.py:154} INFO - Task exited with return code 0
[2021-10-20 14:58:14,116] {local_task_job.py:264} INFO - 0 downstream tasks scheduled from follow-on schedule check
