[2021-10-20 14:58:13,671] {taskinstance.py:1035} INFO - Dependencies all met for <TaskInstance: example_dag.python_print_date_4 scheduled__2021-10-20T14:28:11.121135+00:00 [queued]>
[2021-10-20 14:58:13,705] {taskinstance.py:1035} INFO - Dependencies all met for <TaskInstance: example_dag.python_print_date_4 scheduled__2021-10-20T14:28:11.121135+00:00 [queued]>
[2021-10-20 14:58:13,705] {taskinstance.py:1241} INFO - 
--------------------------------------------------------------------------------
[2021-10-20 14:58:13,705] {taskinstance.py:1242} INFO - Starting attempt 1 of 2
[2021-10-20 14:58:13,705] {taskinstance.py:1243} INFO - 
--------------------------------------------------------------------------------
[2021-10-20 14:58:13,726] {taskinstance.py:1262} INFO - Executing <Task(PythonOperator): python_print_date_4> on 2021-10-20 14:28:11.121135+00:00
[2021-10-20 14:58:13,729] {standard_task_runner.py:52} INFO - Started process 61524 to run task
[2021-10-20 14:58:13,737] {standard_task_runner.py:76} INFO - Running: ['***', 'tasks', 'run', 'example_dag', 'python_print_date_4', 'scheduled__2021-10-20T14:28:11.121135+00:00', '--job-id', '4', '--raw', '--subdir', 'DAGS_FOLDER/example.py', '--cfg-path', '/tmp/tmpwpz330bp', '--error-file', '/tmp/tmpblap4q98']
[2021-10-20 14:58:13,739] {standard_task_runner.py:77} INFO - Job 4: Subtask python_print_date_4
[2021-10-20 14:58:13,832] {logging_mixin.py:109} INFO - Running <TaskInstance: example_dag.python_print_date_4 scheduled__2021-10-20T14:28:11.121135+00:00 [running]> on host ip-172-31-12-18.ec2.internal
[2021-10-20 14:58:13,967] {taskinstance.py:1412} INFO - Exporting the following env vars:
AIRFLOW_CTX_DAG_OWNER=***
AIRFLOW_CTX_DAG_ID=example_dag
AIRFLOW_CTX_TASK_ID=python_print_date_4
AIRFLOW_CTX_EXECUTION_DATE=2021-10-20T14:28:11.121135+00:00
AIRFLOW_CTX_DAG_RUN_ID=scheduled__2021-10-20T14:28:11.121135+00:00
[2021-10-20 14:58:13,968] {logging_mixin.py:109} INFO - I am task number 4. This DAG Run execution date is 2021-10-20T14:28:11.121135+00:00 and the current time is 2021-10-20 14:58:13.968498
[2021-10-20 14:58:13,968] {logging_mixin.py:109} INFO - Here is the full DAG Run context. It is available because provide_context=True
[2021-10-20 14:58:13,968] {logging_mixin.py:109} INFO - {'conf': <***.configuration.AirflowConfigParser object at 0x7f8e202eba60>, 'dag': <DAG: example_dag>, 'dag_run': <DagRun example_dag @ 2021-10-20 14:28:11.121135+00:00: scheduled__2021-10-20T14:28:11.121135+00:00, externally triggered: False>, 'data_interval_end': DateTime(2021, 10, 20, 14, 58, 11, 121135, tzinfo=Timezone('UTC')), 'data_interval_start': DateTime(2021, 10, 20, 14, 28, 11, 121135, tzinfo=Timezone('UTC')), 'ds': '2021-10-20', 'ds_nodash': '20211020', 'execution_date': <Proxy at 0x7f8e1c6debc0 with factory <function TaskInstance.get_template_context.<locals>.deprecated_proxy.<locals>.deprecated_func at 0x7f8e1c6e7700>>, 'inlets': [], 'macros': <module '***.macros' from '/home/astro/***-venv/lib/python3.8/site-packages/***/macros/__init__.py'>, 'next_ds': <Proxy at 0x7f8e1c6ded40 with factory <function TaskInstance.get_template_context.<locals>.deprecated_proxy.<locals>.deprecated_func at 0x7f8e1c6e7790>>, 'next_ds_nodash': <Proxy at 0x7f8e1c6dec40 with factory <function TaskInstance.get_template_context.<locals>.deprecated_proxy.<locals>.deprecated_func at 0x7f8e1c6e7820>>, 'next_execution_date': <Proxy at 0x7f8e202a4300 with factory <function TaskInstance.get_template_context.<locals>.deprecated_proxy.<locals>.deprecated_func at 0x7f8e1c6e78b0>>, 'outlets': [], 'params': {}, 'prev_data_interval_start_success': <Proxy at 0x7f8e1c758e00 with factory <function TaskInstance.get_template_context.<locals>.get_prev_data_interval_start_success at 0x7f8e1c749670>>, 'prev_data_interval_end_success': <Proxy at 0x7f8e1c758740 with factory <function TaskInstance.get_template_context.<locals>.get_prev_data_interval_end_success at 0x7f8e1c759dc0>>, 'prev_ds': <Proxy at 0x7f8e1c758940 with factory <function TaskInstance.get_template_context.<locals>.deprecated_proxy.<locals>.deprecated_func at 0x7f8e1c6e7940>>, 'prev_ds_nodash': <Proxy at 0x7f8e1c758080 with factory <function TaskInstance.get_template_context.<locals>.deprecated_proxy.<locals>.deprecated_func at 0x7f8e1c6e79d0>>, 'prev_execution_date': <Proxy at 0x7f8e1c758fc0 with factory <function TaskInstance.get_template_context.<locals>.deprecated_proxy.<locals>.deprecated_func at 0x7f8e1c6e7a60>>, 'prev_execution_date_success': <Proxy at 0x7f8e1c7585c0 with factory <function TaskInstance.get_template_context.<locals>.deprecated_proxy.<locals>.deprecated_func at 0x7f8e1c6e7b80>>, 'prev_start_date_success': <Proxy at 0x7f8e1c758100 with factory <function TaskInstance.get_template_context.<locals>.get_prev_start_date_success at 0x7f8e1c759f70>>, 'run_id': 'scheduled__2021-10-20T14:28:11.121135+00:00', 'task': <Task(PythonOperator): python_print_date_4>, 'task_instance': <TaskInstance: example_dag.python_print_date_4 scheduled__2021-10-20T14:28:11.121135+00:00 [running]>, 'task_instance_key_str': 'example_dag__python_print_date_4__20211020', 'test_mode': False, 'ti': <TaskInstance: example_dag.python_print_date_4 scheduled__2021-10-20T14:28:11.121135+00:00 [running]>, 'tomorrow_ds': <Proxy at 0x7f8e1c758bc0 with factory <function TaskInstance.get_template_context.<locals>.deprecated_proxy.<locals>.deprecated_func at 0x7f8e1c6e7c10>>, 'tomorrow_ds_nodash': <Proxy at 0x7f8e1c758b40 with factory <function TaskInstance.get_template_context.<locals>.deprecated_proxy.<locals>.deprecated_func at 0x7f8e1c6e7ca0>>, 'ts_nodash': '20211020T142811', 'ts_nodash_with_tz': '20211020T142811.121135+0000', 'var': {'json': None, 'value': None}, 'conn': <***.models.taskinstance.TaskInstance.get_template_context.<locals>.ConnectionAccessor object at 0x7f8e1c6e48e0>, 'yesterday_ds': <Proxy at 0x7f8e1c7589c0 with factory <function TaskInstance.get_template_context.<locals>.deprecated_proxy.<locals>.deprecated_func at 0x7f8e1c6e7d30>>, 'yesterday_ds_nodash': <Proxy at 0x7f8e1c758180 with factory <function TaskInstance.get_template_context.<locals>.deprecated_proxy.<locals>.deprecated_func at 0x7f8e1c6e7dc0>>, 'task_number': 4, 'templates_dict': None}
[2021-10-20 14:58:13,968] {python.py:152} INFO - Done. Returned value was: None
[2021-10-20 14:58:14,007] {taskinstance.py:1270} INFO - Marking task as SUCCESS. dag_id=example_dag, task_id=python_print_date_4, execution_date=20211020T142811, start_date=20211020T145813, end_date=20211020T145814
[2021-10-20 14:58:14,026] {local_task_job.py:154} INFO - Task exited with return code 0
[2021-10-20 14:58:14,078] {local_task_job.py:264} INFO - 0 downstream tasks scheduled from follow-on schedule check
