[2021-10-20 14:58:13,748] {taskinstance.py:1035} INFO - Dependencies all met for <TaskInstance: example_dag.bash_print_date2 scheduled__2021-10-20T14:28:11.121135+00:00 [queued]>
[2021-10-20 14:58:13,788] {taskinstance.py:1035} INFO - Dependencies all met for <TaskInstance: example_dag.bash_print_date2 scheduled__2021-10-20T14:28:11.121135+00:00 [queued]>
[2021-10-20 14:58:13,788] {taskinstance.py:1241} INFO - 
--------------------------------------------------------------------------------
[2021-10-20 14:58:13,788] {taskinstance.py:1242} INFO - Starting attempt 1 of 2
[2021-10-20 14:58:13,788] {taskinstance.py:1243} INFO - 
--------------------------------------------------------------------------------
[2021-10-20 14:58:13,827] {taskinstance.py:1262} INFO - Executing <Task(BashOperator): bash_print_date2> on 2021-10-20 14:28:11.121135+00:00
[2021-10-20 14:58:13,832] {standard_task_runner.py:52} INFO - Started process 61527 to run task
[2021-10-20 14:58:13,840] {standard_task_runner.py:76} INFO - Running: ['***', 'tasks', 'run', 'example_dag', 'bash_print_date2', 'scheduled__2021-10-20T14:28:11.121135+00:00', '--job-id', '9', '--raw', '--subdir', 'DAGS_FOLDER/example.py', '--cfg-path', '/tmp/tmpchu11z2w', '--error-file', '/tmp/tmpezpxknrk']
[2021-10-20 14:58:13,841] {standard_task_runner.py:77} INFO - Job 9: Subtask bash_print_date2
[2021-10-20 14:58:13,937] {logging_mixin.py:109} INFO - Running <TaskInstance: example_dag.bash_print_date2 scheduled__2021-10-20T14:28:11.121135+00:00 [running]> on host ip-172-31-12-18.ec2.internal
[2021-10-20 14:58:14,081] {taskinstance.py:1412} INFO - Exporting the following env vars:
AIRFLOW_CTX_DAG_OWNER=***
AIRFLOW_CTX_DAG_ID=example_dag
AIRFLOW_CTX_TASK_ID=bash_print_date2
AIRFLOW_CTX_EXECUTION_DATE=2021-10-20T14:28:11.121135+00:00
AIRFLOW_CTX_DAG_RUN_ID=scheduled__2021-10-20T14:28:11.121135+00:00
[2021-10-20 14:58:14,082] {subprocess.py:62} INFO - Tmp dir root location: 
 /tmp
[2021-10-20 14:58:14,082] {subprocess.py:74} INFO - Running command: ['bash', '-c', 'sleep $[ ( $RANDOM % 30 )  + 1 ]s && date']
[2021-10-20 14:58:14,093] {subprocess.py:85} INFO - Output:
[2021-10-20 14:58:37,097] {subprocess.py:89} INFO - Wed Oct 20 14:58:37 UTC 2021
[2021-10-20 14:58:37,097] {subprocess.py:93} INFO - Command exited with return code 0
[2021-10-20 14:58:37,131] {taskinstance.py:1270} INFO - Marking task as SUCCESS. dag_id=example_dag, task_id=bash_print_date2, execution_date=20211020T142811, start_date=20211020T145813, end_date=20211020T145837
[2021-10-20 14:58:37,156] {local_task_job.py:154} INFO - Task exited with return code 0
[2021-10-20 14:58:37,191] {local_task_job.py:264} INFO - 0 downstream tasks scheduled from follow-on schedule check
